<?xml version="1.0" encoding="UTF-8"?>
<coverage generated="1763343737025" clover="3.2.0">
  <project timestamp="1763343737026" name="All files">
    <metrics statements="26" coveredstatements="26" conditionals="12" coveredconditionals="11" methods="8" coveredmethods="8" elements="46" coveredelements="45" complexity="0" loc="26" ncloc="26" packages="1" files="1" classes="1"/>
    <file name="logic.js" path="C:\Users\isafd\OneDrive\Área de Trabalho\EngenhariadeSoftware\JS\logic.js">
      <metrics statements="26" coveredstatements="26" conditionals="12" coveredconditionals="11" methods="8" coveredmethods="8"/>
      <line num="3" count="2" type="cond" truecount="1" falsecount="1"/>
      <line num="4" count="2" type="cond" truecount="2" falsecount="0"/>
      <line num="5" count="2" type="cond" truecount="2" falsecount="0"/>
      <line num="6" count="1" type="stmt"/>
      <line num="7" count="1" type="stmt"/>
      <line num="9" count="1" type="stmt"/>
      <line num="13" count="2" type="cond" truecount="2" falsecount="0"/>
      <line num="14" count="2" type="cond" truecount="2" falsecount="0"/>
      <line num="15" count="1" type="stmt"/>
      <line num="17" count="1" type="stmt"/>
      <line num="18" count="1" type="stmt"/>
      <line num="19" count="1" type="stmt"/>
      <line num="23" count="3" type="cond" truecount="2" falsecount="0"/>
      <line num="27" count="1" type="stmt"/>
      <line num="28" count="1" type="stmt"/>
      <line num="29" count="1" type="stmt"/>
      <line num="30" count="1" type="stmt"/>
      <line num="34" count="1" type="stmt"/>
      <line num="35" count="1" type="stmt"/>
      <line num="36" count="1" type="stmt"/>
      <line num="37" count="1" type="stmt"/>
      <line num="41" count="1" type="stmt"/>
      <line num="42" count="1" type="stmt"/>
      <line num="43" count="1" type="stmt"/>
      <line num="44" count="1" type="stmt"/>
      <line num="47" count="1" type="stmt"/>
    </file>
  </project>
</coverage>
