{"C:\\Users\\isafd\\OneDrive\\Área de Trabalho\\EngenhariadeSoftware\\JS\\logic.js": {"path":"C:\\Users\\isafd\\OneDrive\\Área de Trabalho\\EngenhariadeSoftware\\JS\\logic.js","statementMap":{"0":{"start":{"line":3,"column":16},"end":{"line":3,"column":65}},"1":{"start":{"line":4,"column":15},"end":{"line":4,"column":76}},"2":{"start":{"line":4,"column":31},"end":{"line":4,"column":75}},"3":{"start":{"line":5,"column":2},"end":{"line":8,"column":3}},"4":{"start":{"line":6,"column":4},"end":{"line":6,"column":62}},"5":{"start":{"line":7,"column":4},"end":{"line":7,"column":29}},"6":{"start":{"line":9,"column":2},"end":{"line":9,"column":84}},"7":{"start":{"line":13,"column":16},"end":{"line":13,"column":65}},"8":{"start":{"line":14,"column":2},"end":{"line":16,"column":3}},"9":{"start":{"line":14,"column":22},"end":{"line":14,"column":39}},"10":{"start":{"line":15,"column":4},"end":{"line":15,"column":71}},"11":{"start":{"line":17,"column":2},"end":{"line":17,"column":34}},"12":{"start":{"line":18,"column":2},"end":{"line":18,"column":55}},"13":{"start":{"line":19,"column":2},"end":{"line":19,"column":71}},"14":{"start":{"line":23,"column":2},"end":{"line":23,"column":72}},"15":{"start":{"line":27,"column":16},"end":{"line":27,"column":35}},"16":{"start":{"line":28,"column":2},"end":{"line":28,"column":41}},"17":{"start":{"line":29,"column":2},"end":{"line":29,"column":68}},"18":{"start":{"line":30,"column":2},"end":{"line":30,"column":15}},"19":{"start":{"line":34,"column":16},"end":{"line":34,"column":35}},"20":{"start":{"line":35,"column":2},"end":{"line":35,"column":51}},"21":{"start":{"line":36,"column":2},"end":{"line":36,"column":68}},"22":{"start":{"line":37,"column":2},"end":{"line":37,"column":15}},"23":{"start":{"line":41,"column":16},"end":{"line":41,"column":35}},"24":{"start":{"line":42,"column":2},"end":{"line":42,"column":25}},"25":{"start":{"line":43,"column":2},"end":{"line":43,"column":68}},"26":{"start":{"line":44,"column":2},"end":{"line":44,"column":15}},"27":{"start":{"line":47,"column":0},"end":{"line":47,"column":80}}},"fnMap":{"0":{"name":"login","decl":{"start":{"line":2,"column":9},"end":{"line":2,"column":14}},"loc":{"start":{"line":2,"column":32},"end":{"line":10,"column":1}},"line":2},"1":{"name":"(anonymous_1)","decl":{"start":{"line":4,"column":26},"end":{"line":4,"column":27}},"loc":{"start":{"line":4,"column":31},"end":{"line":4,"column":75}},"line":4},"2":{"name":"signup","decl":{"start":{"line":12,"column":9},"end":{"line":12,"column":15}},"loc":{"start":{"line":12,"column":33},"end":{"line":20,"column":1}},"line":12},"3":{"name":"(anonymous_3)","decl":{"start":{"line":14,"column":17},"end":{"line":14,"column":18}},"loc":{"start":{"line":14,"column":22},"end":{"line":14,"column":39}},"line":14},"4":{"name":"getTasks","decl":{"start":{"line":22,"column":9},"end":{"line":22,"column":17}},"loc":{"start":{"line":22,"column":29},"end":{"line":24,"column":1}},"line":22},"5":{"name":"addTask","decl":{"start":{"line":26,"column":9},"end":{"line":26,"column":16}},"loc":{"start":{"line":26,"column":34},"end":{"line":31,"column":1}},"line":26},"6":{"name":"completeTask","decl":{"start":{"line":33,"column":9},"end":{"line":33,"column":21}},"loc":{"start":{"line":33,"column":40},"end":{"line":38,"column":1}},"line":33},"7":{"name":"deleteTask","decl":{"start":{"line":40,"column":9},"end":{"line":40,"column":19}},"loc":{"start":{"line":40,"column":38},"end":{"line":45,"column":1}},"line":40}},"branchMap":{"0":{"loc":{"start":{"line":3,"column":27},"end":{"line":3,"column":64}},"type":"binary-expr","locations":[{"start":{"line":3,"column":27},"end":{"line":3,"column":56}},{"start":{"line":3,"column":60},"end":{"line":3,"column":64}}],"line":3},"1":{"loc":{"start":{"line":4,"column":31},"end":{"line":4,"column":75}},"type":"binary-expr","locations":[{"start":{"line":4,"column":31},"end":{"line":4,"column":48}},{"start":{"line":4,"column":52},"end":{"line":4,"column":75}}],"line":4},"2":{"loc":{"start":{"line":5,"column":2},"end":{"line":8,"column":3}},"type":"if","locations":[{"start":{"line":5,"column":2},"end":{"line":8,"column":3}},{"start":{},"end":{}}],"line":5},"3":{"loc":{"start":{"line":13,"column":27},"end":{"line":13,"column":64}},"type":"binary-expr","locations":[{"start":{"line":13,"column":27},"end":{"line":13,"column":56}},{"start":{"line":13,"column":60},"end":{"line":13,"column":64}}],"line":13},"4":{"loc":{"start":{"line":14,"column":2},"end":{"line":16,"column":3}},"type":"if","locations":[{"start":{"line":14,"column":2},"end":{"line":16,"column":3}},{"start":{},"end":{}}],"line":14},"5":{"loc":{"start":{"line":23,"column":20},"end":{"line":23,"column":70}},"type":"binary-expr","locations":[{"start":{"line":23,"column":20},"end":{"line":23,"column":62}},{"start":{"line":23,"column":66},"end":{"line":23,"column":70}}],"line":23}},"s":{"0":2,"1":2,"2":2,"3":2,"4":1,"5":1,"6":1,"7":2,"8":2,"9":1,"10":1,"11":1,"12":1,"13":1,"14":3,"15":1,"16":1,"17":1,"18":1,"19":1,"20":1,"21":1,"22":1,"23":1,"24":1,"25":1,"26":1,"27":1},"f":{"0":2,"1":2,"2":2,"3":1,"4":3,"5":1,"6":1,"7":1},"b":{"0":[2,0],"1":[2,1],"2":[1,1],"3":[2,1],"4":[1,1],"5":[3,1]},"_coverageSchema":"1a1c01bbd47fc00a2c39e90264f33305004495a9","hash":"2d65fa40f5db803cb24b07c178319d7ffb065a97"}
}
