TN:
SF:JS\logic.js
FN:2,login
FN:4,(anonymous_1)
FN:12,signup
FN:14,(anonymous_3)
FN:22,getTasks
FN:26,addTask
FN:33,completeTask
FN:40,deleteTask
FNF:8
FNH:8
FNDA:2,login
FNDA:2,(anonymous_1)
FNDA:2,signup
FNDA:1,(anonymous_3)
FNDA:3,getTasks
FNDA:1,addTask
FNDA:1,completeTask
FNDA:1,deleteTask
DA:3,2
DA:4,2
DA:5,2
DA:6,1
DA:7,1
DA:9,1
DA:13,2
DA:14,2
DA:15,1
DA:17,1
DA:18,1
DA:19,1
DA:23,3
DA:27,1
DA:28,1
DA:29,1
DA:30,1
DA:34,1
DA:35,1
DA:36,1
DA:37,1
DA:41,1
DA:42,1
DA:43,1
DA:44,1
DA:47,1
LF:26
LH:26
BRDA:3,0,0,2
BRDA:3,0,1,0
BRDA:4,1,0,2
BRDA:4,1,1,1
BRDA:5,2,0,1
BRDA:5,2,1,1
BRDA:13,3,0,2
BRDA:13,3,1,1
BRDA:14,4,0,1
BRDA:14,4,1,1
BRDA:23,5,0,3
BRDA:23,5,1,1
BRF:12
BRH:11
end_of_record
